number,value,datetime_start,datetime_complete,duration,params_colsample_bytree,params_learning_rate,params_max_depth,params_min_child_samples,params_n_estimators,params_num_leaves,params_reg_alpha,params_reg_lambda,params_subsample,state
0,0.4400313402101078,2026-05-03 13:43:06.359046,2026-05-03 13:43:07.879438,0 days 00:00:01.520392,0.8958580986705793,0.011226640466251967,6,15,664,141,0.04295998355589132,0.0008011138616279814,0.6360292193988851,COMPLETE
1,0.4161944709972274,2026-05-03 13:43:07.879475,2026-05-03 13:43:09.043948,0 days 00:00:01.164473,0.6977051913124226,0.2302609616226751,9,8,278,113,0.0005053957755327801,0.000163573479748148,0.5890088389455785,COMPLETE
2,0.4047539627056255,2026-05-03 13:43:09.043973,2026-05-03 13:43:10.053319,0 days 00:00:01.009346,0.7173542217379918,0.027748375827391793,10,20,465,39,0.02870678397722129,0.05949112500661315,0.8447140260429302,COMPLETE
3,0.4503862597670647,2026-05-03 13:43:10.053344,2026-05-03 13:43:10.513035,0 days 00:00:00.459691,0.8799114868231583,0.16193421690519963,7,34,630,49,1.3116978926331704,9.395835459629385,0.7927858514785918,COMPLETE
4,0.41062532992823614,2026-05-03 13:43:10.513057,2026-05-03 13:43:11.472748,0 days 00:00:00.959691,0.5460040448268215,0.10051286563518651,10,16,434,25,0.21787409020456466,1.6572119991084235,0.9409734293693026,COMPLETE
5,0.37310211011399463,2026-05-03 13:43:11.472772,2026-05-03 13:43:11.618769,0 days 00:00:00.145997,0.859480999486487,0.16507846014078187,8,37,363,75,1.5809817352718851,0.016047159198069996,0.557377092955722,PRUNED
6,0.33933220147142046,2026-05-03 13:43:11.618788,2026-05-03 13:43:11.746887,0 days 00:00:00.128099,0.8272875136977769,0.20224274024610225,9,21,567,93,0.0013711757185333455,0.005891380966833487,0.632501460963353,PRUNED
7,0.43136142062937227,2026-05-03 13:43:11.746906,2026-05-03 13:43:13.284338,0 days 00:00:01.537432,0.6373454113503983,0.22911131854890912,9,6,497,89,0.55870524997091,1.1925166247939585,0.7038573509222521,COMPLETE
8,0.45595540083605596,2026-05-03 13:43:13.284628,2026-05-03 13:43:13.910569,0 days 00:00:00.625941,0.9946555303362044,0.0290290473122746,8,34,456,27,0.008043527312843994,0.9049138378722004,0.655670725545469,COMPLETE
9,0.42228959495512974,2026-05-03 13:43:13.910592,2026-05-03 13:43:14.063126,0 days 00:00:00.152534,0.5712260464829912,0.020363746721798064,7,46,336,90,0.006136678291054641,0.30803980014020665,0.9492892410322272,PRUNED
10,0.40121270919233565,2026-05-03 13:43:14.063148,2026-05-03 13:43:14.120788,0 days 00:00:00.057640,0.9881736945780943,0.04884180425811072,4,50,103,63,0.003682975028680012,0.152332758139444,0.5033157985258477,PRUNED
11,0.3864985043253295,2026-05-03 13:43:14.120799,2026-05-03 13:43:14.167310,0 days 00:00:00.046511,0.9934123405489614,0.06797398668547149,6,33,645,46,9.594134885113018,7.7002010787640005,0.7867650185310668,PRUNED
12,0.44930832774535956,2026-05-03 13:43:14.167320,2026-05-03 13:43:14.736614,0 days 00:00:00.569294,0.9099942082237692,0.03659273852413688,7,38,574,28,0.033818150731563835,6.243747892109872,0.7456124649344958,COMPLETE
13,0.3965720753496645,2026-05-03 13:43:14.736637,2026-05-03 13:43:14.827154,0 days 00:00:00.090517,0.7949534229972883,0.09664930419499898,5,28,226,55,0.00014285500584477809,1.1293122684511931,0.8546567168948567,PRUNED
14,0.4122402781146414,2026-05-03 13:43:14.827165,2026-05-03 13:43:14.908624,0 days 00:00:00.081459,0.9248316207141319,0.017363093687202735,8,41,552,21,0.12780431414542617,0.40016225774129977,0.687371933687235,PRUNED
15,0.3972511924973725,2026-05-03 13:43:14.908634,2026-05-03 13:43:15.000490,0 days 00:00:00.091856,0.9564325227209004,0.10299412193524667,8,29,698,63,2.6609648271125432,8.124639496400695,0.8137255646712301,PRUNED
16,0.37574581615328645,2026-05-03 13:43:15.000498,2026-05-03 13:43:15.087465,0 days 00:00:00.086967,0.7815877507824898,0.057226105017323364,6,34,518,41,0.01693196346307148,2.4144526986852584,0.8972336148978088,PRUNED
17,0.40394534723906544,2026-05-03 13:43:15.087474,2026-05-03 13:43:15.157814,0 days 00:00:00.070340,0.8608855033710527,0.03405662347896427,7,43,405,110,0.17879989734672577,0.0705558911610284,0.7397953833375261,PRUNED
18,0.2929420325006063,2026-05-03 13:43:15.157824,2026-05-03 13:43:15.206077,0 days 00:00:00.048253,0.9435981699111158,0.135439911825769,5,24,620,74,8.031947620937823,0.4135837466140074,0.6609100629833643,PRUNED
19,0.4670905917545286,2026-05-03 13:43:15.206085,2026-05-03 13:43:16.254091,0 days 00:00:01.048006,0.8717163994109683,0.011061219969992616,8,31,187,34,0.008018314712780037,0.014273520784518585,0.9921815150285496,COMPLETE
20,0.36403913008327266,2026-05-03 13:43:16.254112,2026-05-03 13:43:16.371326,0 days 00:00:00.117214,0.9957976507575275,0.01247521983219151,8,29,134,34,0.005692250073479689,0.004983282882960604,0.9850982881519492,PRUNED
21,0.4202603282399547,2026-05-03 13:43:16.371336,2026-05-03 13:43:16.478863,0 days 00:00:00.107527,0.8664370184114836,0.016832236028327317,8,33,193,52,0.0014222492354010903,0.020733742193254995,0.8995110747254763,PRUNED
22,0.40271646859083193,2026-05-03 13:43:16.478872,2026-05-03 13:43:16.574294,0 days 00:00:00.095422,0.8136659370285094,0.02386650851004016,7,37,329,21,0.01116009295107751,0.002337286304133519,0.5871013075269935,PRUNED
23,0.40158460667798535,2026-05-03 13:43:16.574303,2026-05-03 13:43:16.695226,0 days 00:00:00.120923,0.7484339649335133,0.014192972358307812,9,25,290,36,0.0020654209628868736,3.119643981411904,0.7685028777594446,PRUNED
24,0.4055461233729485,2026-05-03 13:43:16.695236,2026-05-03 13:43:16.784206,0 days 00:00:00.088970,0.8915926341798266,0.289819442233944,6,32,179,54,0.0003260667103123819,0.1160579037717974,0.9914957460863256,PRUNED
