number,value,datetime_start,datetime_complete,duration,params_colsample_bytree,params_gamma,params_learning_rate,params_max_depth,params_min_child_weight,params_n_estimators,params_reg_alpha,params_reg_lambda,params_subsample,state
0,0.5202409988385598,2026-05-20 23:03:16.492202,2026-05-20 23:03:18.810884,0 days 00:00:02.318682,0.5780093202212182,0.2904180608409973,0.2536999076681772,9,2,325,2.1423021757741068,0.10129197956845731,0.7993292420985183,COMPLETE
1,0.5213917924893535,2026-05-20 23:03:18.810943,2026-05-20 23:03:25.467011,0 days 00:00:06.656068,0.6061695553391381,0.9170225492671691,0.010725209743171996,10,2,525,0.0033205591037519565,0.042051564509138675,0.9162213204002109,COMPLETE
2,0.5290166473093303,2026-05-20 23:03:25.467067,2026-05-20 23:03:28.309192,0 days 00:00:02.842125,0.6460723242676091,2.28034992108518,0.02692655251486473,8,4,359,0.8431013932082461,0.0009962513222055108,0.569746930326021,COMPLETE
3,0.5163395276809911,2026-05-20 23:03:28.309246,2026-05-20 23:03:30.586033,0 days 00:00:02.276787,0.5852620618436457,4.7444276862666666,0.07500118950416987,4,1,409,6.732248920775331,1.1015056790269626,0.8037724259507192,COMPLETE
4,0.5718583042973286,2026-05-20 23:03:30.586079,2026-05-20 23:03:33.626903,0 days 00:00:03.040824,0.5610191174223894,0.17194260557609198,0.013940346079873234,8,5,283,3.5204810455260365,0.0019674328025306126,0.7200762468698007,COMPLETE
5,0.5384010840108402,2026-05-20 23:03:33.626946,2026-05-20 23:03:36.355957,0 days 00:00:02.729011,0.5924272277627636,3.8756641168055728,0.028869220380495747,7,10,498,4.9830438374949075,2.9794544625913595,0.7733551396716398,COMPLETE
6,0.535110336817654,2026-05-20 23:03:36.356001,2026-05-20 23:03:39.299151,0 days 00:00:02.943150,0.522613644455269,1.9433864484474102,0.22999586428143728,4,4,459,0.002273762810253686,1.3921548533046495,0.5979914312095727,COMPLETE
7,0.5641995741385986,2026-05-20 23:03:39.299209,2026-05-20 23:03:41.403258,0 days 00:00:02.104049,0.9010984903770198,4.9344346830025865,0.026000059117302653,7,1,314,0.7264803074826727,0.0009853225172032562,0.5704621124873813,COMPLETE
8,0.5233739837398375,2026-05-20 23:03:41.403302,2026-05-20 23:03:41.582334,0 days 00:00:00.179032,0.8856351733429728,1.7923286427213632,0.1601531217136121,8,1,103,0.00037961668958008145,2.0678409397839492,0.8645035840204937,PRUNED
9,0.5632771970576849,2026-05-20 23:03:41.582367,2026-05-20 23:03:44.375341,0 days 00:00:02.792974,0.6625916610133735,3.1877873567760657,0.030816017044468066,4,8,474,2.7293781650374753,0.022965432344634346,0.6554911608578311,COMPLETE
10,0.5673780487804878,2026-05-20 23:03:44.375383,2026-05-20 23:03:50.898308,0 days 00:00:06.522925,0.7680942943488798,0.07563407956692322,0.010206070557577008,6,7,668,0.1168990811462345,0.00017256875961834048,0.6889757749826013,COMPLETE
11,0.5770363917924893,2026-05-20 23:03:50.898354,2026-05-20 23:03:57.634222,0 days 00:00:06.735868,0.7678121320177449,0.055108905097137055,0.010290509463842875,6,7,698,0.08808748655228463,0.00010567725368354979,0.6853126511318491,COMPLETE
12,0.5443766937669376,2026-05-20 23:03:57.634266,2026-05-20 23:03:58.103005,0 days 00:00:00.468739,0.7978094605208605,1.0507780511615645,0.016324514507051233,6,6,201,0.05730109466726675,0.00010370164218762938,0.9929294675046496,PRUNED
13,0.5446215640727836,2026-05-20 23:03:58.103033,2026-05-20 23:04:03.372483,0 days 00:00:05.269450,0.7084623041637503,0.9369102116944656,0.0655450028447037,6,9,698,0.24259683977710447,0.0035496549232303517,0.6931859171012763,COMPLETE
14,0.5547560975609755,2026-05-20 23:04:03.372528,2026-05-20 23:04:09.082474,0 days 00:00:05.709946,0.9972873580930841,0.18563220060518482,0.017064212348057745,5,5,580,0.009997778181293323,0.0006716743961444442,0.5044308254795329,COMPLETE
15,0.565269066976384,2026-05-20 23:04:09.082525,2026-05-20 23:04:11.523828,0 days 00:00:02.441303,0.8290888212566314,1.3841325994951479,0.016207090759206177,8,7,229,0.020050501470645143,0.008725492906077631,0.70007388015731,COMPLETE
16,0.5494579945799458,2026-05-20 23:04:11.523872,2026-05-20 23:04:11.829880,0 days 00:00:00.306008,0.5037122579533397,2.93423177105832,0.0413029744324308,10,5,186,0.0001368028458622924,0.0002977786909718833,0.6307880556622186,PRUNED
17,0.48712737127371275,2026-05-20 23:04:11.829908,2026-05-20 23:04:12.723993,0 days 00:00:00.894085,0.7152974178125097,0.7188807043912131,0.11399562229835324,9,7,593,0.2499480520677978,0.002406721684839942,0.7480805872343831,PRUNED
18,0.5077913279132791,2026-05-20 23:04:12.724020,2026-05-20 23:04:13.333080,0 days 00:00:00.609060,0.852907649111221,1.4424353223974025,0.013461675180075183,5,4,270,0.8838740763828238,0.00842078610744412,0.8578396281911189,PRUNED
19,0.5348964382500967,2026-05-20 23:04:13.333109,2026-05-20 23:04:14.340697,0 days 00:00:01.007588,0.9574086098865772,0.37435185522509823,0.020190345036832046,7,6,116,9.60012800914082,0.00034330544889066517,0.7481442055527081,COMPLETE
20,0.5633468834688347,2026-05-20 23:04:14.340741,2026-05-20 23:04:14.903118,0 days 00:00:00.562377,0.7147632546699413,2.628043364340077,0.04483324998877353,9,9,413,0.03996774455823267,0.38334992445212046,0.5054444241426592,PRUNED
21,0.5779336043360435,2026-05-20 23:04:14.903146,2026-05-20 23:04:20.950977,0 days 00:00:06.047831,0.7795578961634795,0.015722391851107673,0.010922095504933895,6,7,622,0.13184849575477176,0.00010637440451971141,0.6816481714002499,COMPLETE
22,0.5742402245451026,2026-05-20 23:04:20.951025,2026-05-20 23:04:26.862513,0 days 00:00:05.911488,0.7759445482133267,0.6826199402062237,0.01212291842814137,5,8,636,0.15804473896839571,0.00012542469331526193,0.7146592171412901,COMPLETE
23,0.5680187766163376,2026-05-20 23:04:26.862586,2026-05-20 23:04:32.805951,0 days 00:00:05.943365,0.7613087773923806,0.6963713497899785,0.01095572656715877,5,8,633,0.1763067390777613,0.0001454606191483928,0.6395497823539847,COMPLETE
24,0.570460704607046,2026-05-20 23:04:32.806037,2026-05-20 23:04:33.921866,0 days 00:00:01.115829,0.8056453897848637,0.6254208562271814,0.022435572180971048,6,8,584,0.012321203555175393,0.0005152931885248429,0.6565042518923356,PRUNED
25,0.5712049941927991,2026-05-20 23:04:33.921894,2026-05-20 23:04:39.404836,0 days 00:00:05.482942,0.7443459195631639,1.2892769428135755,0.010120035112089469,5,10,645,0.0044526837845180415,0.0001010839084306049,0.6103494629437383,COMPLETE
26,0.5646825396825397,2026-05-20 23:04:39.404884,2026-05-20 23:04:44.533619,0 days 00:00:05.128735,0.8654999282136744,0.011815723571394168,0.013341089924385534,6,9,536,0.08549392952458362,0.00022347099681765297,0.717710798011912,COMPLETE
27,0.5044037940379404,2026-05-20 23:04:44.533662,2026-05-20 23:04:45.897370,0 days 00:00:01.363708,0.659069966794089,0.4687257343049427,0.02007317706842749,5,7,699,0.5257264345114286,0.0004741482901937038,0.8041859363210639,PRUNED
28,0.5338753387533876,2026-05-20 23:04:45.897397,2026-05-20 23:04:46.874550,0 days 00:00:00.977153,0.9158840279963768,1.6809548351963504,0.034385556340785085,6,6,622,0.03442286606870415,0.0016520004594536173,0.6693256492809059,PRUNED
29,0.5805613627564846,2026-05-20 23:04:46.874577,2026-05-20 23:04:51.982058,0 days 00:00:05.107481,0.8024727592169401,0.41047614636699714,0.013105962038574032,7,8,550,0.3765727380736835,8.093768208366937,0.7674467470112066,COMPLETE
30,0.5716995741385984,2026-05-20 23:04:51.982105,2026-05-20 23:04:54.962441,0 days 00:00:02.980336,0.821660284850768,3.6438667822292103,0.09803900144337659,7,9,550,0.4574362537468037,7.245504945482079,0.8244811489476257,COMPLETE
31,0.5738482384823849,2026-05-20 23:04:54.962487,2026-05-20 23:04:56.168575,0 days 00:00:01.206088,0.7816736648676712,0.450627168527763,0.013132784694958198,7,8,664,1.822809479683475,0.19334741558422092,0.7556828549376776,PRUNED
32,0.5477642276422765,2026-05-20 23:04:56.168603,2026-05-20 23:04:57.334847,0 days 00:00:01.166244,0.7348547394578834,1.0569403526048016,0.012281949050407304,5,7,609,0.09070600168408323,0.10103971632719966,0.7267527965373485,PRUNED
33,0.5616531165311653,2026-05-20 23:04:57.334873,2026-05-20 23:04:58.402971,0 days 00:00:01.068098,0.6858491660796954,0.012473688145986872,0.01594397436447494,6,8,553,0.3932857579545009,0.0277236565274359,0.7848443474088658,PRUNED
34,0.5060975609756098,2026-05-20 23:04:58.402998,2026-05-20 23:04:59.530139,0 days 00:00:01.127141,0.8381454069371433,0.734216246047367,0.02233220969985415,7,6,664,1.2974372455085115,0.0052412991505453145,0.8277659276761139,PRUNED
35,0.5494579945799458,2026-05-20 23:04:59.530175,2026-05-20 23:05:00.457247,0 days 00:00:00.927072,0.7839605952901635,0.35240361607150167,0.012047459243236112,4,7,505,0.15284221900000228,0.00022437091575746248,0.6810998227457783,PRUNED
36,0.5789295392953929,2026-05-20 23:05:00.457275,2026-05-20 23:05:01.103795,0 days 00:00:00.646520,0.6221201571221437,2.087124905867131,0.01772677758366231,6,8,436,0.05577646877450903,9.904960233036336,0.7214081655618181,PRUNED
37,0.5616531165311653,2026-05-20 23:05:01.103823,2026-05-20 23:05:01.821933,0 days 00:00:00.718110,0.7461149556416125,0.2975507436126417,0.010053354530232084,8,10,358,0.25597679117676214,0.44695906463830165,0.941411479197218,PRUNED
38,0.5633468834688347,2026-05-20 23:05:01.821960,2026-05-20 23:05:02.730332,0 days 00:00:00.908372,0.8153632397919718,1.109513288699826,0.01532352069705347,5,9,566,0.018912180550074636,0.0007820229650616265,0.5734457177106701,PRUNED
39,0.48001355013550134,2026-05-20 23:05:02.730360,2026-05-20 23:05:03.825871,0 days 00:00:01.095511,0.6883639107345911,0.6056573913563295,0.024932845495376946,4,6,613,0.005302591249360729,0.06234060126504686,0.767511701888811,PRUNED
40,0.5443766937669376,2026-05-20 23:05:03.825897,2026-05-20 23:05:04.711174,0 days 00:00:00.885277,0.8612476345487671,1.5631132178005633,0.01875503780219974,7,3,512,1.1528675607584058,0.00031793622169859183,0.5951733025888263,PRUNED
41,0.5772357723577235,2026-05-20 23:05:04.711201,2026-05-20 23:05:05.416195,0 days 00:00:00.704994,0.5581569764539639,0.22708044138397157,0.013943116780134197,9,5,347,3.8461290525201224,0.0014903227695378348,0.7288206097160732,PRUNED
42,0.5077913279132791,2026-05-20 23:05:05.416222,2026-05-20 23:05:06.108390,0 days 00:00:00.692168,0.5456533989434442,0.838271240892596,0.01231153569010343,8,5,290,0.07696532119967568,0.00014302289113059206,0.7045590963255998,PRUNED
43,0.47662601626016265,2026-05-20 23:05:06.108418,2026-05-20 23:05:06.995141,0 days 00:00:00.886723,0.7851299835747169,0.2022100733774892,0.23064267797715843,7,4,680,2.5773717872750352,0.0008910658039837488,0.6239614075759218,PRUNED
44,0.5772357723577235,2026-05-20 23:05:06.995169,2026-05-20 23:05:07.787585,0 days 00:00:00.792416,0.7673616139436455,4.301194397249983,0.014950603470456847,8,7,646,0.5555454127225583,0.016747588705907337,0.7867883736496821,PRUNED
45,0.5618118466898955,2026-05-20 23:05:07.787611,2026-05-20 23:05:11.268140,0 days 00:00:03.480529,0.6172322253955798,0.5038750029388245,0.011735977506453252,6,3,450,5.593507363142951,0.0017081959493914442,0.662713690733644,COMPLETE
46,0.5582655826558266,2026-05-20 23:05:11.268190,2026-05-20 23:05:12.274998,0 days 00:00:01.006808,0.8918582901013491,1.2015948852940763,0.030742461008646773,7,8,601,0.21335834117983316,0.00043684456919646094,0.6841217782438632,PRUNED
47,0.535569105691057,2026-05-20 23:05:12.275025,2026-05-20 23:05:13.303017,0 days 00:00:01.027992,0.7281480109495522,0.03944595173746543,0.011152388034185237,6,6,484,0.001893009388761254,0.00015597186035456507,0.7385925382637037,PRUNED
48,0.5738482384823849,2026-05-20 23:05:13.303045,2026-05-20 23:05:14.084574,0 days 00:00:00.781529,0.6827293739400666,0.9255564865240582,0.014316796862947378,8,7,391,0.3775148431462669,0.004106061360142407,0.7110953663848314,PRUNED
49,0.5460704607046071,2026-05-20 23:05:14.084601,2026-05-20 23:05:14.726610,0 days 00:00:00.642009,0.7968100805900439,0.22827529780183792,0.023796416683210773,9,3,257,0.020991006338929703,3.7165366067422547,0.6435189263515197,PRUNED
